<?xml version="1.0" encoding="UTF-8"?>
<!-- Generated by org.testng.reporters.JUnitReportReporter -->
<testsuite hostname="LAPTOP-62B9JJRS" failures="0" tests="1" name="Test_LARQ.T_6BrokenLinks_LARQ" time="0.220" errors="0" timestamp="2024-11-19T09:41:06 IST" skipped="0">
  <testcase classname="Test_LARQ.T_6BrokenLinks_LARQ" name="verify_blueline" time="0.220"/>
</testsuite> <!-- Test_LARQ.T_6BrokenLinks_LARQ -->
