<?xml version="1.0" encoding="UTF-8"?>
<!-- Generated by org.testng.reporters.JUnitReportReporter -->
<testsuite hostname="LAPTOP-62B9JJRS" failures="0" tests="1" name="Test_LARQ.T_2Login_LARQ" time="18.683" errors="0" timestamp="2024-11-20T10:20:32 IST" skipped="0">
  <testcase classname="Test_LARQ.T_2Login_LARQ" name="verifyLoginWithValidCred" time="18.683"/>
</testsuite> <!-- Test_LARQ.T_2Login_LARQ -->
