<?xml version="1.0" encoding="UTF-8"?>
<!-- Generated by org.testng.reporters.JUnitReportReporter -->
<testsuite hostname="LAPTOP-62B9JJRS" failures="0" tests="1" name="Test_LARQ.T_5Bill_LARQ" time="44.237" errors="0" timestamp="2024-11-20T10:12:56 IST" skipped="0">
  <testcase classname="Test_LARQ.T_5Bill_LARQ" name="verifyLoginWithValidCred" time="44.237"/>
</testsuite> <!-- Test_LARQ.T_5Bill_LARQ -->
